TN:
SF:difference.js
FN:24,difference
FNF:1
FNH:1
FNDA:4,difference
DA:1,1
DA:2,1
DA:3,1
DA:4,1
DA:5,1
DA:6,1
DA:7,1
DA:8,1
DA:9,1
DA:10,1
DA:11,1
DA:12,1
DA:13,1
DA:14,1
DA:15,1
DA:16,1
DA:17,1
DA:18,1
DA:19,1
DA:20,1
DA:21,1
DA:22,1
DA:23,1
DA:24,4
DA:25,4
DA:26,4
DA:27,4
DA:28,4
DA:29,1
DA:30,1
LF:30
LH:30
BRDA:1,0,0,1
BRDA:24,1,0,4
BRDA:27,2,0,0
BRF:3
BRH:2
end_of_record
TN:
SF:eq.js
FN:31,eq
FNF:1
FNH:1
FNDA:4,eq
DA:1,1
DA:2,1
DA:3,1
DA:4,1
DA:5,1
DA:6,1
DA:7,1
DA:8,1
DA:9,1
DA:10,1
DA:11,1
DA:12,1
DA:13,1
DA:14,1
DA:15,1
DA:16,1
DA:17,1
DA:18,1
DA:19,1
DA:20,1
DA:21,1
DA:22,1
DA:23,1
DA:24,1
DA:25,1
DA:26,1
DA:27,1
DA:28,1
DA:29,1
DA:30,1
DA:31,4
DA:32,4
DA:33,4
DA:34,1
DA:35,1
LF:35
LH:35
BRDA:1,0,0,1
BRDA:31,1,0,4
BRDA:32,2,0,2
BRDA:32,3,0,0
BRF:4
BRH:3
end_of_record
TN:
SF:filter.js
FN:24,filter
FNF:1
FNH:1
FNDA:4,filter
DA:1,1
DA:2,1
DA:3,1
DA:4,1
DA:5,1
DA:6,1
DA:7,1
DA:8,1
DA:9,1
DA:10,1
DA:11,1
DA:12,1
DA:13,1
DA:14,1
DA:15,1
DA:16,1
DA:17,1
DA:18,1
DA:19,1
DA:20,1
DA:21,1
DA:22,1
DA:23,1
DA:24,4
DA:25,4
DA:26,4
DA:27,4
DA:28,4
DA:29,4
DA:30,4
DA:31,8
DA:32,8
DA:33,5
DA:34,5
DA:35,8
DA:36,4
DA:37,4
DA:38,1
DA:39,1
LF:39
LH:39
BRDA:1,0,0,1
BRDA:24,1,0,4
BRDA:27,2,0,0
BRDA:30,3,0,8
BRDA:32,4,0,5
BRF:5
BRH:4
end_of_record
TN:
SF:get.js
FN:27,get
FNF:1
FNH:1
FNDA:4,get
DA:1,1
DA:2,1
DA:3,1
DA:4,1
DA:5,1
DA:6,1
DA:7,1
DA:8,1
DA:9,1
DA:10,1
DA:11,1
DA:12,1
DA:13,1
DA:14,1
DA:15,1
DA:16,1
DA:17,1
DA:18,1
DA:19,1
DA:20,1
DA:21,1
DA:22,1
DA:23,1
DA:24,1
DA:25,1
DA:26,1
DA:27,4
DA:28,4
DA:29,4
DA:30,4
DA:31,1
DA:32,1
LF:32
LH:32
BRDA:1,0,0,1
BRDA:27,1,0,4
BRDA:28,2,0,0
BRDA:29,3,0,1
BRDA:29,4,0,3
BRF:5
BRH:4
end_of_record
TN:
SF:isArguments.js
FN:19,isArguments
FNF:1
FNH:1
FNDA:2,isArguments
DA:1,1
DA:2,1
DA:3,1
DA:4,1
DA:5,1
DA:6,1
DA:7,1
DA:8,1
DA:9,1
DA:10,1
DA:11,1
DA:12,1
DA:13,1
DA:14,1
DA:15,1
DA:16,1
DA:17,1
DA:18,1
DA:19,2
DA:20,2
DA:21,2
DA:22,1
DA:23,1
LF:23
LH:23
BRDA:1,0,0,1
BRDA:19,1,0,2
BRDA:20,2,0,1
BRF:3
BRH:3
end_of_record
TN:
SF:isArrayLike.js
FN:26,isArrayLike
FNF:1
FNH:1
FNDA:19,isArrayLike
DA:1,1
DA:2,1
DA:3,1
DA:4,1
DA:5,1
DA:6,1
DA:7,1
DA:8,1
DA:9,1
DA:10,1
DA:11,1
DA:12,1
DA:13,1
DA:14,1
DA:15,1
DA:16,1
DA:17,1
DA:18,1
DA:19,1
DA:20,1
DA:21,1
DA:22,1
DA:23,1
DA:24,1
DA:25,1
DA:26,19
DA:27,19
DA:28,19
DA:29,1
DA:30,1
LF:30
LH:30
BRDA:1,0,0,1
BRDA:26,1,0,19
BRDA:27,2,0,17
BRDA:27,3,0,17
BRF:4
BRH:4
end_of_record
TN:
SF:isArrayLikeObject.js
FN:27,isArrayLikeObject
FNF:1
FNH:1
FNDA:12,isArrayLikeObject
DA:1,1
DA:2,1
DA:3,1
DA:4,1
DA:5,1
DA:6,1
DA:7,1
DA:8,1
DA:9,1
DA:10,1
DA:11,1
DA:12,1
DA:13,1
DA:14,1
DA:15,1
DA:16,1
DA:17,1
DA:18,1
DA:19,1
DA:20,1
DA:21,1
DA:22,1
DA:23,1
DA:24,1
DA:25,1
DA:26,1
DA:27,12
DA:28,12
DA:29,12
DA:30,1
DA:31,1
LF:31
LH:31
BRDA:1,0,0,1
BRDA:27,1,0,12
BRDA:28,2,0,10
BRF:3
BRH:3
end_of_record
TN:
SF:isBuffer.js
FN:33,isBuffer
FNF:1
FNH:1
FNDA:2,isBuffer
DA:1,1
DA:2,1
DA:3,1
DA:4,1
DA:5,1
DA:6,1
DA:7,1
DA:8,1
DA:9,1
DA:10,1
DA:11,1
DA:12,1
DA:13,1
DA:14,1
DA:15,1
DA:16,1
DA:17,1
DA:18,1
DA:19,1
DA:20,1
DA:21,1
DA:22,1
DA:23,1
DA:24,1
DA:25,1
DA:26,1
DA:27,1
DA:28,1
DA:29,1
DA:30,1
DA:31,1
DA:32,1
DA:33,1
DA:34,1
DA:35,1
LF:35
LH:35
BRDA:1,0,0,1
BRDA:4,1,0,0
BRDA:4,2,0,0
BRDA:4,3,0,0
BRDA:7,4,0,0
BRDA:7,5,0,0
BRDA:7,6,0,0
BRDA:7,7,0,0
BRDA:10,8,0,0
BRDA:13,9,0,0
BRDA:16,10,0,0
BRDA:33,11,0,2
BRF:12
BRH:2
end_of_record
TN:
SF:isDate.js
FN:25,isDate
FNF:1
FNH:1
FNDA:6,isDate
DA:1,1
DA:2,1
DA:3,1
DA:4,1
DA:5,1
DA:6,1
DA:7,1
DA:8,1
DA:9,1
DA:10,1
DA:11,1
DA:12,1
DA:13,1
DA:14,1
DA:15,1
DA:16,1
DA:17,1
DA:18,1
DA:19,1
DA:20,1
DA:21,1
DA:22,1
DA:23,1
DA:24,1
DA:25,1
DA:26,1
DA:27,1
LF:27
LH:27
BRDA:1,0,0,1
BRDA:6,1,0,0
BRDA:24,2,0,0
BRDA:25,3,0,6
BRDA:25,4,0,4
BRF:5
BRH:3
end_of_record
TN:
SF:isLength.js
FN:28,isLength
FNF:1
FNH:1
FNDA:17,isLength
DA:1,1
DA:2,1
DA:3,1
DA:4,1
DA:5,1
DA:6,1
DA:7,1
DA:8,1
DA:9,1
DA:10,1
DA:11,1
DA:12,1
DA:13,1
DA:14,1
DA:15,1
DA:16,1
DA:17,1
DA:18,1
DA:19,1
DA:20,1
DA:21,1
DA:22,1
DA:23,1
DA:24,1
DA:25,1
DA:26,1
DA:27,1
DA:28,17
DA:29,17
DA:30,17
DA:31,17
DA:32,1
DA:33,1
LF:33
LH:33
BRDA:1,0,0,1
BRDA:28,1,0,17
BRDA:29,2,0,15
BRDA:30,3,0,15
BRDA:30,4,0,15
BRF:5
BRH:5
end_of_record
TN:
SF:isObject.js
FN:24,isObject
FNF:1
FNH:1
FNDA:5,isObject
DA:1,1
DA:2,1
DA:3,1
DA:4,1
DA:5,1
DA:6,1
DA:7,1
DA:8,1
DA:9,1
DA:10,1
DA:11,1
DA:12,1
DA:13,1
DA:14,1
DA:15,1
DA:16,1
DA:17,1
DA:18,1
DA:19,1
DA:20,1
DA:21,1
DA:22,1
DA:23,1
DA:24,5
DA:25,5
DA:26,5
DA:27,5
DA:28,1
DA:29,1
LF:29
LH:29
BRDA:1,0,0,1
BRDA:24,1,0,5
BRDA:26,2,0,3
BRDA:26,3,0,1
BRF:4
BRH:4
end_of_record
TN:
SF:isObjectLike.js
FN:23,isObjectLike
FNF:1
FNH:1
FNDA:22,isObjectLike
DA:1,1
DA:2,1
DA:3,1
DA:4,1
DA:5,1
DA:6,1
DA:7,1
DA:8,1
DA:9,1
DA:10,1
DA:11,1
DA:12,1
DA:13,1
DA:14,1
DA:15,1
DA:16,1
DA:17,1
DA:18,1
DA:19,1
DA:20,1
DA:21,1
DA:22,1
DA:23,22
DA:24,22
DA:25,22
DA:26,1
DA:27,1
LF:27
LH:27
BRDA:1,0,0,1
BRDA:23,1,0,22
BRDA:24,2,0,17
BRF:3
BRH:3
end_of_record
TN:
SF:isSymbol.js
FN:18,isSymbol
FNF:1
FNH:1
FNDA:15,isSymbol
DA:1,1
DA:2,1
DA:3,1
DA:4,1
DA:5,1
DA:6,1
DA:7,1
DA:8,1
DA:9,1
DA:10,1
DA:11,1
DA:12,1
DA:13,1
DA:14,1
DA:15,1
DA:16,1
DA:17,1
DA:18,15
DA:19,15
DA:20,15
DA:21,15
DA:22,1
DA:23,1
LF:23
LH:23
BRDA:1,0,0,1
BRDA:18,1,0,15
BRDA:20,2,0,14
BRDA:20,3,0,1
BRDA:20,4,0,0
BRF:5
BRH:4
end_of_record
TN:
SF:isTypedArray.js
FN:28,isTypedArray
FNF:1
FNH:1
FNDA:2,isTypedArray
DA:1,1
DA:2,1
DA:3,1
DA:4,1
DA:5,1
DA:6,1
DA:7,1
DA:8,1
DA:9,1
DA:10,1
DA:11,1
DA:12,1
DA:13,1
DA:14,1
DA:15,1
DA:16,1
DA:17,1
DA:18,1
DA:19,1
DA:20,1
DA:21,1
DA:22,1
DA:23,1
DA:24,1
DA:25,1
DA:26,1
DA:27,1
DA:28,1
DA:29,1
DA:30,1
LF:30
LH:30
BRDA:1,0,0,1
BRDA:9,1,0,0
BRDA:27,2,0,0
BRDA:28,3,0,2
BRDA:28,4,0,1
BRF:5
BRH:3
end_of_record
TN:
SF:keys.js
FN:31,keys
FNF:1
FNH:1
FNDA:9,keys
DA:1,1
DA:2,1
DA:3,1
DA:4,1
DA:5,1
DA:6,1
DA:7,1
DA:8,1
DA:9,1
DA:10,1
DA:11,1
DA:12,1
DA:13,1
DA:14,1
DA:15,1
DA:16,1
DA:17,1
DA:18,1
DA:19,1
DA:20,1
DA:21,1
DA:22,1
DA:23,1
DA:24,1
DA:25,1
DA:26,1
DA:27,1
DA:28,1
DA:29,1
DA:30,1
DA:31,9
DA:32,9
DA:33,9
DA:34,9
DA:35,9
DA:36,1
DA:37,1
LF:37
LH:37
BRDA:1,0,0,1
BRDA:31,1,0,9
BRDA:33,2,0,5
BRDA:34,3,0,4
BRF:4
BRH:4
end_of_record
TN:
SF:map.js
FN:19,map
FNF:1
FNH:0
FNDA:0,map
DA:1,1
DA:2,1
DA:3,1
DA:4,1
DA:5,1
DA:6,1
DA:7,1
DA:8,1
DA:9,1
DA:10,1
DA:11,1
DA:12,1
DA:13,1
DA:14,1
DA:15,1
DA:16,1
DA:17,1
DA:18,1
DA:19,0
DA:20,0
DA:21,0
DA:22,0
DA:23,0
DA:24,0
DA:25,0
DA:26,0
DA:27,0
DA:28,0
DA:29,1
DA:30,1
LF:30
LH:20
BRDA:1,0,0,1
BRF:1
BRH:1
end_of_record
TN:
SF:memoize.js
FN:43,memoize
FN:47,memoized
FNF:2
FNH:2
FNDA:1,memoize
FNDA:3,memoized
DA:1,1
DA:2,1
DA:3,1
DA:4,1
DA:5,1
DA:6,1
DA:7,1
DA:8,1
DA:9,1
DA:10,1
DA:11,1
DA:12,1
DA:13,1
DA:14,1
DA:15,1
DA:16,1
DA:17,1
DA:18,1
DA:19,1
DA:20,1
DA:21,1
DA:22,1
DA:23,1
DA:24,1
DA:25,1
DA:26,1
DA:27,1
DA:28,1
DA:29,1
DA:30,1
DA:31,1
DA:32,1
DA:33,1
DA:34,1
DA:35,1
DA:36,1
DA:37,1
DA:38,1
DA:39,1
DA:40,1
DA:41,1
DA:42,1
DA:43,1
DA:44,1
DA:45,0
DA:46,0
DA:47,1
DA:48,3
DA:49,3
DA:50,3
DA:51,3
DA:52,0
DA:53,0
DA:54,3
DA:55,3
DA:56,3
DA:57,3
DA:58,1
DA:59,1
DA:60,1
DA:61,1
DA:62,1
DA:63,1
DA:64,1
LF:64
LH:60
BRDA:1,0,0,1
BRDA:43,1,0,1
BRDA:44,2,0,0
BRDA:58,3,0,0
BRDA:47,4,0,3
BRDA:48,5,0,0
BRDA:51,6,0,0
BRDA:55,7,0,0
BRF:8
BRH:3
end_of_record
TN:
SF:slice.js
FN:21,slice
FNF:1
FNH:1
FNDA:9,slice
DA:1,1
DA:2,1
DA:3,1
DA:4,1
DA:5,1
DA:6,1
DA:7,1
DA:8,1
DA:9,1
DA:10,1
DA:11,1
DA:12,1
DA:13,1
DA:14,1
DA:15,1
DA:16,1
DA:17,1
DA:18,1
DA:19,1
DA:20,1
DA:21,9
DA:22,9
DA:23,9
DA:24,0
DA:25,0
DA:26,9
DA:27,9
DA:28,9
DA:29,9
DA:30,2
DA:31,2
DA:32,9
DA:33,3
DA:34,3
DA:35,9
DA:36,9
DA:37,9
DA:38,9
DA:39,9
DA:40,9
DA:41,17
DA:42,17
DA:43,9
DA:44,9
DA:45,1
DA:46,1
LF:46
LH:44
BRDA:1,0,0,1
BRDA:21,1,0,9
BRDA:22,2,0,0
BRDA:23,3,0,0
BRDA:26,4,0,0
BRDA:27,5,0,0
BRDA:29,6,0,2
BRDA:30,7,0,0
BRDA:32,8,0,3
BRDA:35,9,0,1
BRDA:35,10,0,8
BRDA:40,11,0,17
BRF:12
BRH:7
end_of_record
TN:
SF:toString.js
FN:25,toString
FNF:1
FNH:1
FNDA:15,toString
DA:1,1
DA:2,1
DA:3,1
DA:4,1
DA:5,1
DA:6,1
DA:7,1
DA:8,1
DA:9,1
DA:10,1
DA:11,1
DA:12,1
DA:13,1
DA:14,1
DA:15,1
DA:16,1
DA:17,1
DA:18,1
DA:19,1
DA:20,1
DA:21,1
DA:22,1
DA:23,1
DA:24,1
DA:25,15
DA:26,15
DA:27,15
DA:28,15
DA:29,2
DA:30,2
DA:31,15
DA:32,2
DA:33,2
DA:34,2
DA:35,15
DA:36,1
DA:37,1
DA:38,10
DA:39,15
DA:40,15
DA:41,1
DA:42,1
LF:42
LH:42
BRDA:1,0,0,1
BRDA:25,1,0,15
BRDA:28,2,0,2
BRDA:31,3,0,13
BRDA:31,4,0,2
BRDA:35,5,0,11
BRDA:35,6,0,1
BRDA:38,7,0,10
BRDA:39,8,0,0
BRDA:39,9,0,0
BRDA:39,10,0,10
BRDA:33,11,0,2
BRDA:33,12,0,0
BRF:13
BRH:10
end_of_record
TN:
SF:.internal\Hash.js
FN:13,Hash
FN:29,clear
FN:41,delete
FN:54,get
FN:67,has
FN:80,set
FNF:6
FNH:0
FNDA:0,Hash
FNDA:0,clear
FNDA:0,delete
FNDA:0,get
FNDA:0,has
FNDA:0,set
DA:1,1
DA:2,1
DA:3,1
DA:4,1
DA:5,1
DA:6,1
DA:7,1
DA:8,1
DA:9,1
DA:10,1
DA:11,1
DA:12,1
DA:13,1
DA:14,0
DA:15,0
DA:16,0
DA:17,0
DA:18,0
DA:19,0
DA:20,0
DA:21,0
DA:22,0
DA:23,1
DA:24,1
DA:25,1
DA:26,1
DA:27,1
DA:28,1
DA:29,1
DA:30,0
DA:31,0
DA:32,0
DA:33,1
DA:34,1
DA:35,1
DA:36,1
DA:37,1
DA:38,1
DA:39,1
DA:40,1
DA:41,1
DA:42,0
DA:43,0
DA:44,0
DA:45,0
DA:46,1
DA:47,1
DA:48,1
DA:49,1
DA:50,1
DA:51,1
DA:52,1
DA:53,1
DA:54,1
DA:55,0
DA:56,0
DA:57,0
DA:58,0
DA:59,1
DA:60,1
DA:61,1
DA:62,1
DA:63,1
DA:64,1
DA:65,1
DA:66,1
DA:67,1
DA:68,0
DA:69,0
DA:70,0
DA:71,1
DA:72,1
DA:73,1
DA:74,1
DA:75,1
DA:76,1
DA:77,1
DA:78,1
DA:79,1
DA:80,1
DA:81,0
DA:82,0
DA:83,0
DA:84,0
DA:85,0
DA:86,1
DA:87,1
DA:88,1
LF:88
LH:60
BRDA:1,0,0,1
BRF:1
BRH:1
end_of_record
TN:
SF:.internal\MapCache.js
FN:12,getMapData
FN:26,isKeyable
FN:42,MapCache
FN:58,clear
FN:74,delete
FN:87,get
FN:98,has
FN:110,set
FNF:8
FNH:0
FNDA:0,getMapData
FNDA:0,isKeyable
FNDA:0,MapCache
FNDA:0,clear
FNDA:0,delete
FNDA:0,get
FNDA:0,has
FNDA:0,set
DA:1,1
DA:2,1
DA:3,1
DA:4,1
DA:5,1
DA:6,1
DA:7,1
DA:8,1
DA:9,1
DA:10,1
DA:11,1
DA:12,0
DA:13,0
DA:14,0
DA:15,0
DA:16,0
DA:17,0
DA:18,1
DA:19,1
DA:20,1
DA:21,1
DA:22,1
DA:23,1
DA:24,1
DA:25,1
DA:26,0
DA:27,0
DA:28,0
DA:29,0
DA:30,0
DA:31,0
DA:32,1
DA:33,1
DA:34,1
DA:35,1
DA:36,1
DA:37,1
DA:38,1
DA:39,1
DA:40,1
DA:41,1
DA:42,1
DA:43,0
DA:44,0
DA:45,0
DA:46,0
DA:47,0
DA:48,0
DA:49,0
DA:50,0
DA:51,0
DA:52,1
DA:53,1
DA:54,1
DA:55,1
DA:56,1
DA:57,1
DA:58,1
DA:59,0
DA:60,0
DA:61,0
DA:62,0
DA:63,0
DA:64,0
DA:65,0
DA:66,1
DA:67,1
DA:68,1
DA:69,1
DA:70,1
DA:71,1
DA:72,1
DA:73,1
DA:74,1
DA:75,0
DA:76,0
DA:77,0
DA:78,0
DA:79,1
DA:80,1
DA:81,1
DA:82,1
DA:83,1
DA:84,1
DA:85,1
DA:86,1
DA:87,1
DA:88,0
DA:89,0
DA:90,1
DA:91,1
DA:92,1
DA:93,1
DA:94,1
DA:95,1
DA:96,1
DA:97,1
DA:98,1
DA:99,0
DA:100,0
DA:101,1
DA:102,1
DA:103,1
DA:104,1
DA:105,1
DA:106,1
DA:107,1
DA:108,1
DA:109,1
DA:110,1
DA:111,0
DA:112,0
DA:113,0
DA:114,0
DA:115,0
DA:116,0
DA:117,0
DA:118,1
DA:119,1
DA:120,1
LF:120
LH:77
BRDA:2,0,0,1
BRF:1
BRH:1
end_of_record
TN:
SF:.internal\SetCache.js
FN:15,SetCache
FN:33,add
FN:45,has
FNF:3
FNH:0
FNDA:0,SetCache
FNDA:0,add
FNDA:0,has
DA:1,1
DA:2,1
DA:3,1
DA:4,1
DA:5,1
DA:6,1
DA:7,1
DA:8,1
DA:9,1
DA:10,1
DA:11,1
DA:12,1
DA:13,1
DA:14,1
DA:15,1
DA:16,0
DA:17,0
DA:18,0
DA:19,0
DA:20,0
DA:21,0
DA:22,0
DA:23,0
DA:24,1
DA:25,1
DA:26,1
DA:27,1
DA:28,1
DA:29,1
DA:30,1
DA:31,1
DA:32,1
DA:33,1
DA:34,0
DA:35,0
DA:36,0
DA:37,1
DA:38,1
DA:39,1
DA:40,1
DA:41,1
DA:42,1
DA:43,1
DA:44,1
DA:45,1
DA:46,0
DA:47,0
DA:48,1
DA:49,1
DA:50,1
DA:51,1
DA:52,1
LF:52
LH:39
BRDA:1,0,0,1
BRF:1
BRH:1
end_of_record
TN:
SF:.internal\arrayIncludes.js
FN:12,arrayIncludes
FNF:1
FNH:0
FNDA:0,arrayIncludes
DA:1,1
DA:2,1
DA:3,1
DA:4,1
DA:5,1
DA:6,1
DA:7,1
DA:8,1
DA:9,1
DA:10,1
DA:11,1
DA:12,0
DA:13,0
DA:14,0
DA:15,0
DA:16,1
DA:17,1
LF:17
LH:13
BRDA:1,0,0,1
BRF:1
BRH:1
end_of_record
TN:
SF:.internal\arrayIncludesWith.js
FN:10,arrayIncludesWith
FNF:1
FNH:0
FNDA:0,arrayIncludesWith
DA:1,1
DA:2,1
DA:3,1
DA:4,1
DA:5,1
DA:6,1
DA:7,1
DA:8,1
DA:9,1
DA:10,0
DA:11,0
DA:12,0
DA:13,0
DA:14,0
DA:15,0
DA:16,0
DA:17,0
DA:18,0
DA:19,0
DA:20,0
DA:21,0
DA:22,1
DA:23,1
LF:23
LH:11
BRDA:1,0,0,1
BRF:1
BRH:1
end_of_record
TN:
SF:.internal\arrayLikeKeys.js
FN:17,arrayLikeKeys
FNF:1
FNH:1
FNDA:5,arrayLikeKeys
DA:1,1
DA:2,1
DA:3,1
DA:4,1
DA:5,1
DA:6,1
DA:7,1
DA:8,1
DA:9,1
DA:10,1
DA:11,1
DA:12,1
DA:13,1
DA:14,1
DA:15,1
DA:16,1
DA:17,5
DA:18,5
DA:19,5
DA:20,5
DA:21,5
DA:22,5
DA:23,5
DA:24,5
DA:25,5
DA:26,5
DA:27,6
DA:28,6
DA:29,5
DA:30,13
DA:31,13
DA:32,6
DA:33,6
DA:34,6
DA:35,6
DA:36,13
DA:37,7
DA:38,7
DA:39,13
DA:40,5
DA:41,5
DA:42,1
DA:43,1
LF:43
LH:43
BRDA:1,0,0,1
BRDA:17,1,0,5
BRDA:19,2,0,2
BRDA:20,3,0,2
BRDA:20,4,0,2
BRDA:21,5,0,2
BRDA:21,6,0,2
BRDA:21,7,0,2
BRDA:22,8,0,2
BRDA:22,9,0,2
BRDA:22,10,0,2
BRDA:24,11,0,3
BRDA:24,12,0,2
BRDA:25,13,0,3
BRDA:25,14,0,2
BRDA:26,15,0,6
BRDA:29,16,0,13
BRDA:31,17,0,6
BRDA:36,18,0,7
BRF:19
BRH:19
end_of_record
TN:
SF:.internal\baseDifference.js
FN:21,baseDifference
FNF:1
FNH:1
FNDA:4,baseDifference
DA:1,1
DA:2,1
DA:3,1
DA:4,1
DA:5,1
DA:6,1
DA:7,1
DA:8,1
DA:9,1
DA:10,1
DA:11,1
DA:12,1
DA:13,1
DA:14,1
DA:15,1
DA:16,1
DA:17,1
DA:18,1
DA:19,1
DA:20,1
DA:21,4
DA:22,4
DA:23,4
DA:24,4
DA:25,4
DA:26,4
DA:27,4
DA:28,0
DA:29,0
DA:30,4
DA:31,0
DA:32,0
DA:33,4
DA:34,0
DA:35,0
DA:36,0
DA:37,4
DA:38,0
DA:39,0
DA:40,0
DA:41,0
DA:42,4
DA:43,4
DA:44,32
DA:45,32
DA:46,32
DA:47,32
DA:48,32
DA:49,32
DA:50,120
DA:51,20
DA:52,20
DA:53,120
DA:54,12
DA:55,12
DA:56,0
DA:57,0
DA:58,0
DA:59,32
DA:60,4
DA:61,4
DA:62,1
DA:63,1
LF:63
LH:49
BRDA:1,0,0,1
BRDA:21,1,0,4
BRDA:27,2,0,0
BRDA:30,3,0,0
BRDA:33,4,0,0
BRDA:37,5,0,0
BRDA:43,6,0,32
BRDA:44,7,0,0
BRDA:46,8,0,0
BRDA:49,9,0,120
BRDA:50,10,0,20
BRDA:54,11,0,12
BRDA:56,12,0,0
BRF:13
BRH:6
end_of_record
TN:
SF:.internal\baseFindIndex.js
FN:11,baseFindIndex
FNF:1
FNH:0
FNDA:0,baseFindIndex
DA:1,1
DA:2,1
DA:3,1
DA:4,1
DA:5,1
DA:6,1
DA:7,1
DA:8,1
DA:9,1
DA:10,1
DA:11,0
DA:12,0
DA:13,0
DA:14,0
DA:15,0
DA:16,0
DA:17,0
DA:18,0
DA:19,0
DA:20,0
DA:21,0
DA:22,1
DA:23,1
LF:23
LH:12
BRDA:1,0,0,1
BRF:1
BRH:1
end_of_record
TN:
SF:.internal\baseFlatten.js
FN:14,baseFlatten
FNF:1
FNH:1
FNDA:4,baseFlatten
DA:1,1
DA:2,1
DA:3,1
DA:4,1
DA:5,1
DA:6,1
DA:7,1
DA:8,1
DA:9,1
DA:10,1
DA:11,1
DA:12,1
DA:13,1
DA:14,4
DA:15,4
DA:16,4
DA:17,4
DA:18,4
DA:19,0
DA:20,0
DA:21,4
DA:22,4
DA:23,4
DA:24,4
DA:25,0
DA:26,0
DA:27,4
DA:28,4
DA:29,4
DA:30,4
DA:31,0
DA:32,0
DA:33,4
DA:34,4
DA:35,4
DA:36,1
DA:37,1
LF:37
LH:31
BRDA:1,0,0,1
BRDA:14,1,0,4
BRDA:15,2,0,0
BRDA:18,3,0,0
BRDA:24,4,0,0
BRDA:30,5,0,0
BRF:6
BRH:2
end_of_record
TN:
SF:.internal\baseGet.js
FN:12,baseGet
FNF:1
FNH:1
FNDA:4,baseGet
DA:1,1
DA:2,1
DA:3,1
DA:4,1
DA:5,1
DA:6,1
DA:7,1
DA:8,1
DA:9,1
DA:10,1
DA:11,1
DA:12,4
DA:13,4
DA:14,4
DA:15,4
DA:16,4
DA:17,4
DA:18,4
DA:19,9
DA:20,9
DA:21,4
DA:22,4
DA:23,1
DA:24,1
LF:24
LH:24
BRDA:1,0,0,1
BRDA:12,1,0,4
BRDA:18,2,0,12
BRDA:18,3,0,9
BRDA:21,4,0,3
BRDA:21,5,0,1
BRF:6
BRH:6
end_of_record
TN:
SF:.internal\baseIndexOf.js
FN:14,baseIndexOf
FNF:1
FNH:0
FNDA:0,baseIndexOf
DA:1,1
DA:2,1
DA:3,1
DA:4,1
DA:5,1
DA:6,1
DA:7,1
DA:8,1
DA:9,1
DA:10,1
DA:11,1
DA:12,1
DA:13,1
DA:14,0
DA:15,0
DA:16,0
DA:17,0
DA:18,0
DA:19,1
DA:20,1
LF:20
LH:15
BRDA:1,0,0,1
BRF:1
BRH:1
end_of_record
TN:
SF:.internal\baseIsNaN.js
FN:8,baseIsNaN
FNF:1
FNH:0
FNDA:0,baseIsNaN
DA:1,1
DA:2,1
DA:3,1
DA:4,1
DA:5,1
DA:6,1
DA:7,1
DA:8,0
DA:9,0
DA:10,0
DA:11,1
DA:12,1
LF:12
LH:9
BRDA:1,0,0,1
BRF:1
BRH:1
end_of_record
TN:
SF:.internal\cacheHas.js
FN:9,cacheHas
FNF:1
FNH:0
FNDA:0,cacheHas
DA:1,1
DA:2,1
DA:3,1
DA:4,1
DA:5,1
DA:6,1
DA:7,1
DA:8,1
DA:9,0
DA:10,0
DA:11,0
DA:12,1
DA:13,1
LF:13
LH:10
BRDA:1,0,0,1
BRF:1
BRH:1
end_of_record
TN:
SF:.internal\castPath.js
FN:12,castPath
FNF:1
FNH:1
FNDA:4,castPath
DA:1,1
DA:2,1
DA:3,1
DA:4,1
DA:5,1
DA:6,1
DA:7,1
DA:8,1
DA:9,1
DA:10,1
DA:11,1
DA:12,4
DA:13,4
DA:14,0
DA:15,0
DA:16,4
DA:17,4
DA:18,1
DA:19,1
LF:19
LH:17
BRDA:1,0,0,1
BRDA:12,1,0,4
BRDA:13,2,0,0
BRDA:16,3,0,1
BRDA:16,4,0,3
BRF:5
BRH:4
end_of_record
TN:
SF:.internal\freeGlobal.js
FNF:0
FNH:0
DA:1,1
DA:2,1
DA:3,1
DA:4,1
LF:4
LH:4
BRDA:1,0,0,1
BRF:1
BRH:1
end_of_record
TN:
SF:.internal\getTag.js
FN:10,getTag
FNF:1
FNH:1
FNDA:6,getTag
DA:1,1
DA:2,1
DA:3,1
DA:4,1
DA:5,1
DA:6,1
DA:7,1
DA:8,1
DA:9,1
DA:10,6
DA:11,6
DA:12,0
DA:13,0
DA:14,6
DA:15,6
DA:16,1
DA:17,1
LF:17
LH:15
BRDA:1,0,0,1
BRDA:10,1,0,6
BRDA:11,2,0,0
BRF:3
BRH:2
end_of_record
TN:
SF:.internal\isFlattenable.js
FN:13,isFlattenable
FNF:1
FNH:0
FNDA:0,isFlattenable
DA:1,1
DA:2,1
DA:3,1
DA:4,1
DA:5,1
DA:6,1
DA:7,1
DA:8,1
DA:9,1
DA:10,1
DA:11,1
DA:12,1
DA:13,0
DA:14,0
DA:15,0
DA:16,0
DA:17,1
DA:18,1
LF:18
LH:14
BRDA:1,0,0,1
BRF:1
BRH:1
end_of_record
TN:
SF:.internal\isIndex.js
FN:15,isIndex
FNF:1
FNH:1
FNDA:6,isIndex
DA:1,1
DA:2,1
DA:3,1
DA:4,1
DA:5,1
DA:6,1
DA:7,1
DA:8,1
DA:9,1
DA:10,1
DA:11,1
DA:12,1
DA:13,1
DA:14,1
DA:15,6
DA:16,6
DA:17,6
DA:18,6
DA:19,6
DA:20,6
DA:21,6
DA:22,6
DA:23,6
DA:24,1
DA:25,1
LF:25
LH:25
BRDA:1,0,0,1
BRDA:15,1,0,6
BRDA:17,2,0,0
BRF:3
BRH:2
end_of_record
TN:
SF:.internal\isKey.js
FN:15,isKey
FNF:1
FNH:1
FNDA:4,isKey
DA:1,1
DA:2,1
DA:3,1
DA:4,1
DA:5,1
DA:6,1
DA:7,1
DA:8,1
DA:9,1
DA:10,1
DA:11,1
DA:12,1
DA:13,1
DA:14,1
DA:15,4
DA:16,4
DA:17,0
DA:18,0
DA:19,4
DA:20,4
DA:21,0
DA:22,0
DA:23,4
DA:24,3
DA:25,4
DA:26,1
DA:27,1
LF:27
LH:23
BRDA:1,0,0,1
BRDA:15,1,0,4
BRDA:16,2,0,0
BRDA:20,3,0,0
BRDA:23,4,0,3
BRDA:23,5,0,3
BRF:6
BRH:4
end_of_record
TN:
SF:.internal\memoizeCapped.js
FN:14,memoizeCapped
FNF:1
FNH:1
FNDA:1,memoizeCapped
DA:1,1
DA:2,1
DA:3,1
DA:4,1
DA:5,1
DA:6,1
DA:7,1
DA:8,1
DA:9,1
DA:10,1
DA:11,1
DA:12,1
DA:13,1
DA:14,1
DA:15,1
DA:16,3
DA:17,3
DA:18,0
DA:19,0
DA:20,3
DA:21,1
DA:22,1
DA:23,1
DA:24,1
DA:25,1
DA:26,1
LF:26
LH:24
BRDA:1,0,0,1
BRDA:14,1,0,1
BRDA:15,2,0,3
BRDA:17,3,0,0
BRF:4
BRH:3
end_of_record
TN:
SF:.internal\nodeTypes.js
FNF:0
FNH:0
DA:1,1
DA:2,1
DA:3,1
DA:4,1
DA:5,1
DA:6,1
DA:7,1
DA:8,1
DA:9,1
DA:10,1
DA:11,1
DA:12,1
DA:13,1
DA:14,1
DA:15,1
DA:16,1
DA:17,1
DA:18,1
DA:19,1
DA:20,1
DA:21,1
DA:22,1
DA:23,1
DA:24,1
DA:25,1
DA:26,1
DA:27,1
DA:28,1
LF:28
LH:28
BRDA:1,0,0,1
BRDA:4,1,0,0
BRDA:4,2,0,0
BRDA:4,3,0,0
BRDA:7,4,0,0
BRDA:7,5,0,0
BRDA:7,6,0,0
BRDA:7,7,0,0
BRDA:10,8,0,0
BRDA:13,9,0,0
BRDA:16,10,0,1
BRDA:20,11,0,0
BRDA:20,12,0,0
BRDA:22,13,0,0
BRDA:24,14,0,0
BRDA:24,15,0,0
BRDA:25,16,0,0
BRF:17
BRH:2
end_of_record
TN:
SF:.internal\root.js
FNF:0
FNH:0
DA:1,1
DA:2,1
DA:3,1
DA:4,1
DA:5,1
DA:6,1
DA:7,1
DA:8,1
DA:9,1
DA:10,1
DA:11,1
DA:12,1
DA:13,1
LF:13
LH:13
BRDA:1,0,0,1
BRDA:8,1,0,0
BRDA:8,2,0,0
BRDA:8,3,0,0
BRDA:11,4,0,0
BRDA:11,5,0,0
BRDA:11,6,0,0
BRF:7
BRH:1
end_of_record
TN:
SF:.internal\strictIndexOf.js
FN:11,strictIndexOf
FNF:1
FNH:0
FNDA:0,strictIndexOf
DA:1,1
DA:2,1
DA:3,1
DA:4,1
DA:5,1
DA:6,1
DA:7,1
DA:8,1
DA:9,1
DA:10,1
DA:11,0
DA:12,0
DA:13,0
DA:14,0
DA:15,0
DA:16,0
DA:17,0
DA:18,0
DA:19,0
DA:20,0
DA:21,0
DA:22,1
DA:23,1
LF:23
LH:12
BRDA:1,0,0,1
BRF:1
BRH:1
end_of_record
TN:
SF:.internal\stringToPath.js
FNF:0
FNH:0
DA:1,1
DA:2,1
DA:3,1
DA:4,1
DA:5,1
DA:6,1
DA:7,1
DA:8,1
DA:9,1
DA:10,1
DA:11,1
DA:12,1
DA:13,1
DA:14,1
DA:15,1
DA:16,1
DA:17,1
DA:18,1
DA:19,1
DA:20,1
DA:21,1
DA:22,1
DA:23,1
DA:24,1
DA:25,1
DA:26,1
DA:27,3
DA:28,3
DA:29,0
DA:30,0
DA:31,3
DA:32,9
DA:33,9
DA:34,0
DA:35,0
DA:36,9
DA:37,2
DA:38,2
DA:39,9
DA:40,3
DA:41,3
DA:42,1
DA:43,1
DA:44,1
LF:44
LH:40
BRDA:1,0,0,1
BRDA:26,1,0,3
BRDA:28,2,0,0
BRDA:31,3,0,9
BRDA:33,4,0,0
BRDA:36,5,0,2
BRF:6
BRH:4
end_of_record
TN:
SF:.internal\toKey.js
FN:13,toKey
FNF:1
FNH:1
FNDA:9,toKey
DA:1,1
DA:2,1
DA:3,1
DA:4,1
DA:5,1
DA:6,1
DA:7,1
DA:8,1
DA:9,1
DA:10,1
DA:11,1
DA:12,1
DA:13,9
DA:14,9
DA:15,9
DA:16,9
DA:17,0
DA:18,9
DA:19,9
DA:20,1
DA:21,1
LF:21
LH:20
BRDA:1,0,0,1
BRDA:13,1,0,9
BRDA:14,2,0,0
BRDA:17,3,0,0
BRDA:18,4,0,0
BRDA:18,5,0,0
BRF:6
BRH:2
end_of_record
